<?xml version="1.0" encoding="UTF-8"?>
<!-- Generated by org.testng.reporters.JUnitReportReporter -->
<testsuite hostname="Balamurugan" failures="0" tests="1" name="test.SecondHomePageTest" time="52.469" errors="0" timestamp="2020-04-08T15:01:06 IST" skipped="0">
  <testcase classname="test.SecondHomePageTest" name="test2" time="52.469"/>
  <system-out/>
</testsuite> <!-- test.SecondHomePageTest -->
