<?xml version="1.0" encoding="UTF-8"?>
<!-- Generated by org.testng.reporters.JUnitReportReporter -->
<testsuite hostname="Balamurugan" failures="0" tests="1" name="test.HomePageTest" time="58.050" errors="0" timestamp="2020-04-08T15:01:06 IST" skipped="0">
  <testcase classname="test.HomePageTest" name="test1" time="58.050"/>
  <system-out/>
</testsuite> <!-- test.HomePageTest -->
